<?xml version="1.0" encoding="UTF-8"?>
<testng-results ignored="0" total="2" passed="2" failed="0" skipped="0">
  <reporter-output>
  </reporter-output>
  <suite started-at="2022-09-25T12:03:45 MESZ" name="Default suite" finished-at="2022-09-25T12:04:25 MESZ" duration-ms="40275">
    <groups>
    </groups>
    <test started-at="2022-09-25T12:03:45 MESZ" name="Default test" finished-at="2022-09-25T12:04:25 MESZ" duration-ms="40275">
      <class name="com.henz.joel.testcases.LoginPageTest">
        <test-method is-config="true" signature="setUp()[pri:0, instance:com.henz.joel.testcases.LoginPageTest@55634720]" started-at="2022-09-25T12:03:45 MESZ" name="setUp" finished-at="2022-09-25T12:03:59 MESZ" duration-ms="14441" status="PASS">
          <reporter-output>
          </reporter-output>
        </test-method> <!-- setUp -->
        <test-method signature="loginPageTitleTest()[pri:0, instance:com.henz.joel.testcases.LoginPageTest@55634720]" started-at="2022-09-25T12:03:59 MESZ" name="loginPageTitleTest" finished-at="2022-09-25T12:03:59 MESZ" duration-ms="9" status="PASS">
          <reporter-output>
          </reporter-output>
        </test-method> <!-- loginPageTitleTest -->
        <test-method is-config="true" signature="tearDown()[pri:0, instance:com.henz.joel.testcases.LoginPageTest@55634720]" started-at="2022-09-25T12:03:59 MESZ" name="tearDown" finished-at="2022-09-25T12:03:59 MESZ" duration-ms="258" status="PASS">
          <reporter-output>
          </reporter-output>
        </test-method> <!-- tearDown -->
        <test-method is-config="true" signature="setUp()[pri:0, instance:com.henz.joel.testcases.LoginPageTest@55634720]" started-at="2022-09-25T12:03:59 MESZ" name="setUp" finished-at="2022-09-25T12:04:13 MESZ" duration-ms="13725" status="PASS">
          <reporter-output>
          </reporter-output>
        </test-method> <!-- setUp -->
        <test-method signature="performLogin()[pri:0, instance:com.henz.joel.testcases.LoginPageTest@55634720]" started-at="2022-09-25T12:04:13 MESZ" name="performLogin" finished-at="2022-09-25T12:04:24 MESZ" duration-ms="11434" status="PASS">
          <reporter-output>
          </reporter-output>
        </test-method> <!-- performLogin -->
        <test-method is-config="true" signature="tearDown()[pri:0, instance:com.henz.joel.testcases.LoginPageTest@55634720]" started-at="2022-09-25T12:04:24 MESZ" name="tearDown" finished-at="2022-09-25T12:04:25 MESZ" duration-ms="378" status="PASS">
          <reporter-output>
          </reporter-output>
        </test-method> <!-- tearDown -->
      </class> <!-- com.henz.joel.testcases.LoginPageTest -->
    </test> <!-- Default test -->
  </suite> <!-- Default suite -->
</testng-results>
